{"name": "Append ingredient in order", "status": "failed", "statusDetails": {"message": "AssertionError: The number of ingredients has not changed\nassert '0' > '0'", "trace": "self = <test_main_page.TestMainPage object at 0x107de5890>\ndriver = <selenium.webdriver.firefox.webdriver.WebDriver (session=\"a2776b8a-46b7-4ed9-acb5-a660100f3375\")>\n\n    @allure.title('Append ingredient in order')\n    @allure.description('Checking the increase in the number of ingredients in the order')\n    def test_append_ingredient_in_order(self, driver):\n        main_page = MainPage(driver)\n        count_before = main_page.get_count_ingredients_value()\n        main_page.drag_and_drop_ingredient()\n        count_after = main_page.get_count_ingredients_value()\n    \n        with allure.step('Checking the ingredient quantity counter change'):\n>           assert count_after > count_before, 'The number of ingredients has not changed'\nE           AssertionError: The number of ingredients has not changed\nE           assert '0' > '0'\n\ntests/test_main_page.py:56: AssertionError"}, "description": "Checking the increase in the number of ingredients in the order", "steps": [{"name": "Get count of ingredients in burger", "status": "passed", "steps": [{"name": "Get text", "status": "passed", "parameters": [{"name": "locator", "value": "('xpath', \".//ul[1]/a[2]//p[contains(@class, 'num')]\")"}], "start": 1723919717155, "stop": 1723919717193}], "start": 1723919717155, "stop": 1723919717193}, {"name": "Add bun to burger", "status": "passed", "steps": [{"status": "passed", "parameters": [{"name": "source", "value": "<selenium.webdriver.remote.webelement.WebElement (session=\"a2776b8a-46b7-4ed9-acb5-a660100f3375\", element=\"77b785ce-581d-404e-a458-095240ec62e0\")>"}, {"name": "target", "value": "<selenium.webdriver.remote.webelement.WebElement (session=\"a2776b8a-46b7-4ed9-acb5-a660100f3375\", element=\"7d1558c7-3326-420e-a114-1c17242d76fa\")>"}], "start": 1723919717206, "stop": 1723919717759}], "start": 1723919717193, "stop": 1723919717759}, {"name": "Get count of ingredients in burger", "status": "passed", "steps": [{"name": "Get text", "status": "passed", "parameters": [{"name": "locator", "value": "('xpath', \".//ul[1]/a[2]//p[contains(@class, 'num')]\")"}], "start": 1723919717759, "stop": 1723919717778}], "start": 1723919717759, "stop": 1723919717778}, {"name": "Checking the ingredient quantity counter change", "status": "failed", "statusDetails": {"message": "AssertionError: The number of ingredients has not changed\nassert '0' > '0'\n", "trace": "  File \"/Users/annavalitova/PycharmProjects/Diplom/Diplom_3/tests/test_main_page.py\", line 56, in test_append_ingredient_in_order\n    assert count_after > count_before, 'The number of ingredients has not changed'\n"}, "start": 1723919717778, "stop": 1723919717778}], "parameters": [{"name": "driver", "value": "'firefox'"}], "start": 1723919717155, "stop": 1723919717778, "uuid": "ae7a6f57-7ddd-4d39-b639-353c84a5b155", "historyId": "a2bef310b4ce3ec241f33f97821e2302", "testCaseId": "a3660b66b8f152e27a76e779ec28ac6d", "fullName": "tests.test_main_page.TestMainPage#test_append_ingredient_in_order", "labels": [{"name": "suite", "value": "Test main functionality"}, {"name": "parentSuite", "value": "tests"}, {"name": "subSuite", "value": "TestMainPage"}, {"name": "host", "value": "Air-Anna"}, {"name": "thread", "value": "77820-MainThread"}, {"name": "framework", "value": "pytest"}, {"name": "language", "value": "cpython3"}, {"name": "package", "value": "tests.test_main_page"}]}