{"name": "Close modal window", "status": "broken", "statusDetails": {"message": "selenium.common.exceptions.ElementClickInterceptedException: Message: element click intercepted: Element <p class=\"BurgerIngredient_ingredient__text__yp3dH\">...</p> is not clickable at point (240, 396). Other element would receive the click: <img src=\"https://code.s3.yandex.net/react/code/bun-01.png\" alt=\"Флюоресцентная булка R2-D3\" class=\"BurgerIngredient_ingredient__image__3e-07 ml-4 mr-4\">\n  (Session info: chrome=127.0.6533.120)\nStacktrace:\n0   chromedriver                        0x00000001052eea80 chromedriver + 4385408\n1   chromedriver                        0x00000001052e738c chromedriver + 4354956\n2   chromedriver                        0x0000000104f04b0c chromedriver + 281356\n3   chromedriver                        0x0000000104f4cce0 chromedriver + 576736\n4   chromedriver                        0x0000000104f4b284 chromedriver + 569988\n5   chromedriver                        0x0000000104f49414 chromedriver + 562196\n6   chromedriver                        0x0000000104f485b0 chromedriver + 558512\n7   chromedriver                        0x0000000104f3dcfc chromedriver + 515324\n8   chromedriver                        0x0000000104f3d734 chromedriver + 513844\n9   chromedriver                        0x0000000104f7fd24 chromedriver + 785700\n10  chromedriver                        0x0000000104f3beec chromedriver + 507628\n11  chromedriver                        0x0000000104f3c8c4 chromedriver + 510148\n12  chromedriver                        0x00000001052b643c chromedriver + 4154428\n13  chromedriver                        0x00000001052baea0 chromedriver + 4173472\n14  chromedriver                        0x000000010529bff8 chromedriver + 4046840\n15  chromedriver                        0x00000001052bb78c chromedriver + 4175756\n16  chromedriver                        0x000000010528efb8 chromedriver + 3993528\n17  chromedriver                        0x00000001052d921c chromedriver + 4297244\n18  chromedriver                        0x00000001052d9398 chromedriver + 4297624\n19  chromedriver                        0x00000001052e6f84 chromedriver + 4353924\n20  libsystem_pthread.dylib             0x000000019ab0ef94 _pthread_start + 136\n21  libsystem_pthread.dylib             0x000000019ab09d34 thread_start + 8", "trace": "self = <test_main_page.TestMainPage object at 0x104be00d0>, driver = <selenium.webdriver.chrome.webdriver.WebDriver (session=\"680420ecc7207b2e70b47d08c9edbb24\")>\n\n    @allure.title('Close modal window')\n    @allure.description('Checking the closing of the ingredient detailed information modal window')\n    def test_close_ingredients_info_window(self, driver):\n        main_page = MainPage(driver)\n>       main_page.click_on_bun_ingredient()\n\ntests/test_main_page.py:42: \n_ _ _ _ _ _ _ _ _ _ _ _ _ _ _ _ _ _ _ _ _ _ _ _ _ _ _ _ _ _ _ _ _ _ _ _ _ _ _ _ _ _ _ _ _ _ _ _ _ _ _ _ _ _ _ _ _ _ _ _ _ _ _ _ _ _ _ _ _ _ _ _ _ _ _ _ _ _ _ _ _ \npages/main_page.py:31: in click_on_bun_ingredient\n    self.click(MPL.BUN_INGREDIENT)\npages/base_page.py:38: in click\n    return self.element_is_clickable(locator).click()\nvenv/lib/python3.11/site-packages/selenium/webdriver/remote/webelement.py:94: in click\n    self._execute(Command.CLICK_ELEMENT)\nvenv/lib/python3.11/site-packages/selenium/webdriver/remote/webelement.py:395: in _execute\n    return self._parent.execute(command, params)\nvenv/lib/python3.11/site-packages/selenium/webdriver/remote/webdriver.py:347: in execute\n    self.error_handler.check_response(response)\n_ _ _ _ _ _ _ _ _ _ _ _ _ _ _ _ _ _ _ _ _ _ _ _ _ _ _ _ _ _ _ _ _ _ _ _ _ _ _ _ _ _ _ _ _ _ _ _ _ _ _ _ _ _ _ _ _ _ _ _ _ _ _ _ _ _ _ _ _ _ _ _ _ _ _ _ _ _ _ _ _ \n\nself = <selenium.webdriver.remote.errorhandler.ErrorHandler object at 0x104bc0dd0>\nresponse = {'status': 400, 'value': '{\"value\":{\"error\":\"element click intercepted\",\"message\":\"element click intercepted: Element ...00019ab0ef94 _pthread_start + 136\\\\n21  libsystem_pthread.dylib             0x000000019ab09d34 thread_start + 8\\\\n\"}}'}\n\n    def check_response(self, response: Dict[str, Any]) -> None:\n        \"\"\"Checks that a JSON response from the WebDriver does not have an\n        error.\n    \n        :Args:\n         - response - The JSON response from the WebDriver server as a dictionary\n           object.\n    \n        :Raises: If the response contains an error message.\n        \"\"\"\n        status = response.get(\"status\", None)\n        if not status or status == ErrorCode.SUCCESS:\n            return\n        value = None\n        message = response.get(\"message\", \"\")\n        screen: str = response.get(\"screen\", \"\")\n        stacktrace = None\n        if isinstance(status, int):\n            value_json = response.get(\"value\", None)\n            if value_json and isinstance(value_json, str):\n                import json\n    \n                try:\n                    value = json.loads(value_json)\n                    if len(value) == 1:\n                        value = value[\"value\"]\n                    status = value.get(\"error\", None)\n                    if not status:\n                        status = value.get(\"status\", ErrorCode.UNKNOWN_ERROR)\n                        message = value.get(\"value\") or value.get(\"message\")\n                        if not isinstance(message, str):\n                            value = message\n                            message = message.get(\"message\")\n                    else:\n                        message = value.get(\"message\", None)\n                except ValueError:\n                    pass\n    \n        exception_class: Type[WebDriverException]\n        e = ErrorCode()\n        error_codes = [item for item in dir(e) if not item.startswith(\"__\")]\n        for error_code in error_codes:\n            error_info = getattr(ErrorCode, error_code)\n            if isinstance(error_info, list) and status in error_info:\n                exception_class = getattr(ExceptionMapping, error_code, WebDriverException)\n                break\n        else:\n            exception_class = WebDriverException\n    \n        if not value:\n            value = response[\"value\"]\n        if isinstance(value, str):\n            raise exception_class(value)\n        if message == \"\" and \"message\" in value:\n            message = value[\"message\"]\n    \n        screen = None  # type: ignore[assignment]\n        if \"screen\" in value:\n            screen = value[\"screen\"]\n    \n        stacktrace = None\n        st_value = value.get(\"stackTrace\") or value.get(\"stacktrace\")\n        if st_value:\n            if isinstance(st_value, str):\n                stacktrace = st_value.split(\"\\n\")\n            else:\n                stacktrace = []\n                try:\n                    for frame in st_value:\n                        line = frame.get(\"lineNumber\", \"\")\n                        file = frame.get(\"fileName\", \"<anonymous>\")\n                        if line:\n                            file = f\"{file}:{line}\"\n                        meth = frame.get(\"methodName\", \"<anonymous>\")\n                        if \"className\" in frame:\n                            meth = f\"{frame['className']}.{meth}\"\n                        msg = \"    at %s (%s)\"\n                        msg = msg % (meth, file)\n                        stacktrace.append(msg)\n                except TypeError:\n                    pass\n        if exception_class == UnexpectedAlertPresentException:\n            alert_text = None\n            if \"data\" in value:\n                alert_text = value[\"data\"].get(\"text\")\n            elif \"alert\" in value:\n                alert_text = value[\"alert\"].get(\"text\")\n            raise exception_class(message, screen, stacktrace, alert_text)  # type: ignore[call-arg]  # mypy is not smart enough here\n>       raise exception_class(message, screen, stacktrace)\nE       selenium.common.exceptions.ElementClickInterceptedException: Message: element click intercepted: Element <p class=\"BurgerIngredient_ingredient__text__yp3dH\">...</p> is not clickable at point (240, 396). Other element would receive the click: <img src=\"https://code.s3.yandex.net/react/code/bun-01.png\" alt=\"Флюоресцентная булка R2-D3\" class=\"BurgerIngredient_ingredient__image__3e-07 ml-4 mr-4\">\nE         (Session info: chrome=127.0.6533.120)\nE       Stacktrace:\nE       0   chromedriver                        0x00000001052eea80 chromedriver + 4385408\nE       1   chromedriver                        0x00000001052e738c chromedriver + 4354956\nE       2   chromedriver                        0x0000000104f04b0c chromedriver + 281356\nE       3   chromedriver                        0x0000000104f4cce0 chromedriver + 576736\nE       4   chromedriver                        0x0000000104f4b284 chromedriver + 569988\nE       5   chromedriver                        0x0000000104f49414 chromedriver + 562196\nE       6   chromedriver                        0x0000000104f485b0 chromedriver + 558512\nE       7   chromedriver                        0x0000000104f3dcfc chromedriver + 515324\nE       8   chromedriver                        0x0000000104f3d734 chromedriver + 513844\nE       9   chromedriver                        0x0000000104f7fd24 chromedriver + 785700\nE       10  chromedriver                        0x0000000104f3beec chromedriver + 507628\nE       11  chromedriver                        0x0000000104f3c8c4 chromedriver + 510148\nE       12  chromedriver                        0x00000001052b643c chromedriver + 4154428\nE       13  chromedriver                        0x00000001052baea0 chromedriver + 4173472\nE       14  chromedriver                        0x000000010529bff8 chromedriver + 4046840\nE       15  chromedriver                        0x00000001052bb78c chromedriver + 4175756\nE       16  chromedriver                        0x000000010528efb8 chromedriver + 3993528\nE       17  chromedriver                        0x00000001052d921c chromedriver + 4297244\nE       18  chromedriver                        0x00000001052d9398 chromedriver + 4297624\nE       19  chromedriver                        0x00000001052e6f84 chromedriver + 4353924\nE       20  libsystem_pthread.dylib             0x000000019ab0ef94 _pthread_start + 136\nE       21  libsystem_pthread.dylib             0x000000019ab09d34 thread_start + 8\n\nvenv/lib/python3.11/site-packages/selenium/webdriver/remote/errorhandler.py:229: ElementClickInterceptedException"}, "description": "Checking the closing of the ingredient detailed information modal window", "steps": [{"name": "Click on bun detail info", "status": "broken", "statusDetails": {"message": "selenium.common.exceptions.ElementClickInterceptedException: Message: element click intercepted: Element <p class=\"BurgerIngredient_ingredient__text__yp3dH\">...</p> is not clickable at point (240, 396). Other element would receive the click: <img src=\"https://code.s3.yandex.net/react/code/bun-01.png\" alt=\"Флюоресцентная булка R2-D3\" class=\"BurgerIngredient_ingredient__image__3e-07 ml-4 mr-4\">\n  (Session info: chrome=127.0.6533.120)\nStacktrace:\n0   chromedriver                        0x00000001052eea80 chromedriver + 4385408\n1   chromedriver                        0x00000001052e738c chromedriver + 4354956\n2   chromedriver                        0x0000000104f04b0c chromedriver + 281356\n3   chromedriver                        0x0000000104f4cce0 chromedriver + 576736\n4   chromedriver                        0x0000000104f4b284 chromedriver + 569988\n5   chromedriver                        0x0000000104f49414 chromedriver + 562196\n6   chromedriver                        0x0000000104f485b0 chromedriver + 558512\n7   chromedriver                        0x0000000104f3dcfc chromedriver + 515324\n8   chromedriver                        0x0000000104f3d734 chromedriver + 513844\n9   chromedriver                        0x0000000104f7fd24 chromedriver + 785700\n10  chromedriver                        0x0000000104f3beec chromedriver + 507628\n11  chromedriver                        0x0000000104f3c8c4 chromedriver + 510148\n12  chromedriver                        0x00000001052b643c chromedriver + 4154428\n13  chromedriver                        0x00000001052baea0 chromedriver + 4173472\n14  chromedriver                        0x000000010529bff8 chromedriver + 4046840\n15  chromedriver                        0x00000001052bb78c chromedriver + 4175756\n16  chromedriver                        0x000000010528efb8 chromedriver + 3993528\n17  chromedriver                        0x00000001052d921c chromedriver + 4297244\n18  chromedriver                        0x00000001052d9398 chromedriver + 4297624\n19  chromedriver                        0x00000001052e6f84 chromedriver + 4353924\n20  libsystem_pthread.dylib             0x000000019ab0ef94 _pthread_start + 136\n21  libsystem_pthread.dylib             0x000000019ab09d34 thread_start + 8\n\n", "trace": "  File \"/Users/annavalitova/PycharmProjects/Diplom/Diplom_3/venv/lib/python3.11/site-packages/allure_commons/_allure.py\", line 192, in impl\n    return func(*a, **kw)\n           ^^^^^^^^^^^^^^\n  File \"/Users/annavalitova/PycharmProjects/Diplom/Diplom_3/pages/main_page.py\", line 31, in click_on_bun_ingredient\n    self.click(MPL.BUN_INGREDIENT)\n  File \"/Users/annavalitova/PycharmProjects/Diplom/Diplom_3/venv/lib/python3.11/site-packages/allure_commons/_allure.py\", line 192, in impl\n    return func(*a, **kw)\n           ^^^^^^^^^^^^^^\n  File \"/Users/annavalitova/PycharmProjects/Diplom/Diplom_3/pages/base_page.py\", line 38, in click\n    return self.element_is_clickable(locator).click()\n           ^^^^^^^^^^^^^^^^^^^^^^^^^^^^^^^^^^^^^^^^^^\n  File \"/Users/annavalitova/PycharmProjects/Diplom/Diplom_3/venv/lib/python3.11/site-packages/selenium/webdriver/remote/webelement.py\", line 94, in click\n    self._execute(Command.CLICK_ELEMENT)\n  File \"/Users/annavalitova/PycharmProjects/Diplom/Diplom_3/venv/lib/python3.11/site-packages/selenium/webdriver/remote/webelement.py\", line 395, in _execute\n    return self._parent.execute(command, params)\n           ^^^^^^^^^^^^^^^^^^^^^^^^^^^^^^^^^^^^^\n  File \"/Users/annavalitova/PycharmProjects/Diplom/Diplom_3/venv/lib/python3.11/site-packages/selenium/webdriver/remote/webdriver.py\", line 347, in execute\n    self.error_handler.check_response(response)\n  File \"/Users/annavalitova/PycharmProjects/Diplom/Diplom_3/venv/lib/python3.11/site-packages/selenium/webdriver/remote/errorhandler.py\", line 229, in check_response\n    raise exception_class(message, screen, stacktrace)\n"}, "steps": [{"name": "Clicking on element", "status": "broken", "statusDetails": {"message": "selenium.common.exceptions.ElementClickInterceptedException: Message: element click intercepted: Element <p class=\"BurgerIngredient_ingredient__text__yp3dH\">...</p> is not clickable at point (240, 396). Other element would receive the click: <img src=\"https://code.s3.yandex.net/react/code/bun-01.png\" alt=\"Флюоресцентная булка R2-D3\" class=\"BurgerIngredient_ingredient__image__3e-07 ml-4 mr-4\">\n  (Session info: chrome=127.0.6533.120)\nStacktrace:\n0   chromedriver                        0x00000001052eea80 chromedriver + 4385408\n1   chromedriver                        0x00000001052e738c chromedriver + 4354956\n2   chromedriver                        0x0000000104f04b0c chromedriver + 281356\n3   chromedriver                        0x0000000104f4cce0 chromedriver + 576736\n4   chromedriver                        0x0000000104f4b284 chromedriver + 569988\n5   chromedriver                        0x0000000104f49414 chromedriver + 562196\n6   chromedriver                        0x0000000104f485b0 chromedriver + 558512\n7   chromedriver                        0x0000000104f3dcfc chromedriver + 515324\n8   chromedriver                        0x0000000104f3d734 chromedriver + 513844\n9   chromedriver                        0x0000000104f7fd24 chromedriver + 785700\n10  chromedriver                        0x0000000104f3beec chromedriver + 507628\n11  chromedriver                        0x0000000104f3c8c4 chromedriver + 510148\n12  chromedriver                        0x00000001052b643c chromedriver + 4154428\n13  chromedriver                        0x00000001052baea0 chromedriver + 4173472\n14  chromedriver                        0x000000010529bff8 chromedriver + 4046840\n15  chromedriver                        0x00000001052bb78c chromedriver + 4175756\n16  chromedriver                        0x000000010528efb8 chromedriver + 3993528\n17  chromedriver                        0x00000001052d921c chromedriver + 4297244\n18  chromedriver                        0x00000001052d9398 chromedriver + 4297624\n19  chromedriver                        0x00000001052e6f84 chromedriver + 4353924\n20  libsystem_pthread.dylib             0x000000019ab0ef94 _pthread_start + 136\n21  libsystem_pthread.dylib             0x000000019ab09d34 thread_start + 8\n\n", "trace": "  File \"/Users/annavalitova/PycharmProjects/Diplom/Diplom_3/venv/lib/python3.11/site-packages/allure_commons/_allure.py\", line 192, in impl\n    return func(*a, **kw)\n           ^^^^^^^^^^^^^^\n  File \"/Users/annavalitova/PycharmProjects/Diplom/Diplom_3/pages/base_page.py\", line 38, in click\n    return self.element_is_clickable(locator).click()\n           ^^^^^^^^^^^^^^^^^^^^^^^^^^^^^^^^^^^^^^^^^^\n  File \"/Users/annavalitova/PycharmProjects/Diplom/Diplom_3/venv/lib/python3.11/site-packages/selenium/webdriver/remote/webelement.py\", line 94, in click\n    self._execute(Command.CLICK_ELEMENT)\n  File \"/Users/annavalitova/PycharmProjects/Diplom/Diplom_3/venv/lib/python3.11/site-packages/selenium/webdriver/remote/webelement.py\", line 395, in _execute\n    return self._parent.execute(command, params)\n           ^^^^^^^^^^^^^^^^^^^^^^^^^^^^^^^^^^^^^\n  File \"/Users/annavalitova/PycharmProjects/Diplom/Diplom_3/venv/lib/python3.11/site-packages/selenium/webdriver/remote/webdriver.py\", line 347, in execute\n    self.error_handler.check_response(response)\n  File \"/Users/annavalitova/PycharmProjects/Diplom/Diplom_3/venv/lib/python3.11/site-packages/selenium/webdriver/remote/errorhandler.py\", line 229, in check_response\n    raise exception_class(message, screen, stacktrace)\n"}, "parameters": [{"name": "locator", "value": "('xpath', '//*[text()=\"Флюоресцентная булка R2-D3\"]')"}], "start": 1723919274266, "stop": 1723919275306}], "start": 1723919274266, "stop": 1723919275310}], "attachments": [{"name": "log", "source": "0c2633c5-5d7e-46a5-8294-85199fe726c6-attachment.txt", "type": "text/plain"}], "parameters": [{"name": "driver", "value": "'chrome'"}], "start": 1723919274265, "stop": 1723919275311, "uuid": "2cb3cf88-5ae0-45a2-a61a-eac35a0eac14", "historyId": "9f213d9ee642cefd361a125603657662", "testCaseId": "88b175960e418084ce5cef1178db349e", "fullName": "tests.test_main_page.TestMainPage#test_close_ingredients_info_window", "labels": [{"name": "suite", "value": "Test main functionality"}, {"name": "parentSuite", "value": "tests"}, {"name": "subSuite", "value": "TestMainPage"}, {"name": "host", "value": "Air-Anna"}, {"name": "thread", "value": "76963-MainThread"}, {"name": "framework", "value": "pytest"}, {"name": "language", "value": "cpython3"}, {"name": "package", "value": "tests.test_main_page"}]}