{"name": "Checking transition to personal account", "status": "broken", "statusDetails": {"message": "selenium.common.exceptions.TimeoutException: Message:", "trace": "self = <test_personal_account.TestPersonalAccount object at 0x103bb56d0>\ndriver = <selenium.webdriver.chrome.webdriver.WebDriver (session=\"b9e09de5b3f741c0761640f8de484cb2\")>, login_user = None\n\n    @allure.title('Checking transition to personal account')\n    @allure.description('Checking transition to personal account by clicking on \"Personal account\" button on main page')\n    def test_transition_to_personal_account(self, driver, login_user):\n        main_page = MainPage(driver)\n        personal_account = PersonalAccountPage(driver)\n        main_page.go_to_personal_account(MPL.PERSONAL_ACCOUNT_BUTTON)\n    \n>       assert personal_account.check_transition_to_personal_account_page(), \\\n            'The page link is not what you expected. ' \\\n            f'Expected {Urls.PERSONAL_ACCOUNT}, but got {personal_account.get_current_url()}'\n\ntests/test_personal_account.py:18: \n_ _ _ _ _ _ _ _ _ _ _ _ _ _ _ _ _ _ _ _ _ _ _ _ _ _ _ _ _ _ _ _ _ _ _ _ _ _ _ _ _ _ _ _ _ _ _ _ _ _ _ _ _ _ _ _ _ _ _ _ _ _ _ _ _ _ _ _ _ _ _ _ _ _ _ _ _ _ _ _ _ \npages/personal_account_page.py:32: in check_transition_to_personal_account_page\n    return self.checking_text_in_current_url(Urls.PERSONAL_ACCOUNT)\npages/base_page.py:50: in checking_text_in_current_url\n    return self.wait.until(ec.url_contains(text))\n_ _ _ _ _ _ _ _ _ _ _ _ _ _ _ _ _ _ _ _ _ _ _ _ _ _ _ _ _ _ _ _ _ _ _ _ _ _ _ _ _ _ _ _ _ _ _ _ _ _ _ _ _ _ _ _ _ _ _ _ _ _ _ _ _ _ _ _ _ _ _ _ _ _ _ _ _ _ _ _ _ \n\nself = <selenium.webdriver.support.wait.WebDriverWait (session=\"b9e09de5b3f741c0761640f8de484cb2\")>\nmethod = <function url_contains.<locals>._predicate at 0x103de9b20>, message = ''\n\n    def until(self, method: Callable[[D], Union[Literal[False], T]], message: str = \"\") -> T:\n        \"\"\"Calls the method provided with the driver as an argument until the \\\n        return value does not evaluate to ``False``.\n    \n        :param method: callable(WebDriver)\n        :param message: optional message for :exc:`TimeoutException`\n        :returns: the result of the last call to `method`\n        :raises: :exc:`selenium.common.exceptions.TimeoutException` if timeout occurs\n        \"\"\"\n        screen = None\n        stacktrace = None\n    \n        end_time = time.monotonic() + self._timeout\n        while True:\n            try:\n                value = method(self._driver)\n                if value:\n                    return value\n            except self._ignored_exceptions as exc:\n                screen = getattr(exc, \"screen\", None)\n                stacktrace = getattr(exc, \"stacktrace\", None)\n            time.sleep(self._poll)\n            if time.monotonic() > end_time:\n                break\n>       raise TimeoutException(message, screen, stacktrace)\nE       selenium.common.exceptions.TimeoutException: Message:\n\nvenv/lib/python3.11/site-packages/selenium/webdriver/support/wait.py:105: TimeoutException"}, "description": "Checking transition to personal account by clicking on \"Personal account\" button on main page", "steps": [{"name": "Clicking on personal account button", "status": "passed", "steps": [{"name": "Clicking on element", "status": "passed", "parameters": [{"name": "locator", "value": "('xpath', \".//nav//p[contains(text(), 'Личный Кабинет')]\")"}], "start": 1723918506935, "stop": 1723918506957}], "parameters": [{"name": "locator", "value": "('xpath', \".//nav//p[contains(text(), 'Личный Кабинет')]\")"}], "start": 1723918506935, "stop": 1723918506957}, {"name": "Checking the transition to personal account page", "status": "broken", "statusDetails": {"message": "selenium.common.exceptions.TimeoutException: Message: \n\n", "trace": "  File \"/Users/annavalitova/PycharmProjects/Diplom/Diplom_3/venv/lib/python3.11/site-packages/allure_commons/_allure.py\", line 192, in impl\n    return func(*a, **kw)\n           ^^^^^^^^^^^^^^\n  File \"/Users/annavalitova/PycharmProjects/Diplom/Diplom_3/pages/personal_account_page.py\", line 32, in check_transition_to_personal_account_page\n    return self.checking_text_in_current_url(Urls.PERSONAL_ACCOUNT)\n           ^^^^^^^^^^^^^^^^^^^^^^^^^^^^^^^^^^^^^^^^^^^^^^^^^^^^^^^^\n  File \"/Users/annavalitova/PycharmProjects/Diplom/Diplom_3/venv/lib/python3.11/site-packages/allure_commons/_allure.py\", line 192, in impl\n    return func(*a, **kw)\n           ^^^^^^^^^^^^^^\n  File \"/Users/annavalitova/PycharmProjects/Diplom/Diplom_3/pages/base_page.py\", line 50, in checking_text_in_current_url\n    return self.wait.until(ec.url_contains(text))\n           ^^^^^^^^^^^^^^^^^^^^^^^^^^^^^^^^^^^^^^\n  File \"/Users/annavalitova/PycharmProjects/Diplom/Diplom_3/venv/lib/python3.11/site-packages/selenium/webdriver/support/wait.py\", line 105, in until\n    raise TimeoutException(message, screen, stacktrace)\n"}, "steps": [{"name": "Checking that the current url contains text", "status": "broken", "statusDetails": {"message": "selenium.common.exceptions.TimeoutException: Message: \n\n", "trace": "  File \"/Users/annavalitova/PycharmProjects/Diplom/Diplom_3/venv/lib/python3.11/site-packages/allure_commons/_allure.py\", line 192, in impl\n    return func(*a, **kw)\n           ^^^^^^^^^^^^^^\n  File \"/Users/annavalitova/PycharmProjects/Diplom/Diplom_3/pages/base_page.py\", line 50, in checking_text_in_current_url\n    return self.wait.until(ec.url_contains(text))\n           ^^^^^^^^^^^^^^^^^^^^^^^^^^^^^^^^^^^^^^\n  File \"/Users/annavalitova/PycharmProjects/Diplom/Diplom_3/venv/lib/python3.11/site-packages/selenium/webdriver/support/wait.py\", line 105, in until\n    raise TimeoutException(message, screen, stacktrace)\n"}, "parameters": [{"name": "text", "value": "'https://stellarburgers.nomoreparties.site/account/profile'"}], "start": 1723918506957, "stop": 1723918537026}], "start": 1723918506957, "stop": 1723918537028}], "attachments": [{"name": "log", "source": "74db8fd0-001c-4555-82bf-f6858f48bf54-attachment.txt", "type": "text/plain"}], "parameters": [{"name": "driver", "value": "'chrome'"}], "start": 1723918506934, "stop": 1723918537029, "uuid": "f9cc60b6-3fd1-49ad-a89b-689c5c686918", "historyId": "e386e82cc6abea106f01a38d8d2b2b9e", "testCaseId": "32c8d6489c8310f5aad85537847aaa2d", "fullName": "tests.test_personal_account.TestPersonalAccount#test_transition_to_personal_account", "labels": [{"name": "suite", "value": "Test personal account"}, {"name": "parentSuite", "value": "tests"}, {"name": "subSuite", "value": "TestPersonalAccount"}, {"name": "host", "value": "Air-Anna"}, {"name": "thread", "value": "74409-MainThread"}, {"name": "framework", "value": "pytest"}, {"name": "language", "value": "cpython3"}, {"name": "package", "value": "tests.test_personal_account"}]}