{"name": "Append ingredient in order", "status": "failed", "statusDetails": {"message": "AssertionError: The number of ingredients has not changed\nassert '0' > '0'", "trace": "self = <test_main_page.TestMainPage object at 0x104be0990>, driver = <selenium.webdriver.chrome.webdriver.WebDriver (session=\"de9479b0dddb21fb89ff53970d8595c5\")>\n\n    @allure.title('Append ingredient in order')\n    @allure.description('Checking the increase in the number of ingredients in the order')\n    def test_append_ingredient_in_order(self, driver):\n        main_page = MainPage(driver)\n        count_before = main_page.get_count_ingredients_value()\n        main_page.drag_and_drop_ingredient()\n        count_after = main_page.get_count_ingredients_value()\n    \n        with allure.step('Checking the ingredient quantity counter change'):\n>           assert count_after > count_before, 'The number of ingredients has not changed'\nE           AssertionError: The number of ingredients has not changed\nE           assert '0' > '0'\n\ntests/test_main_page.py:56: AssertionError"}, "description": "Checking the increase in the number of ingredients in the order", "steps": [{"name": "Get count of ingredients in burger", "status": "passed", "steps": [{"name": "Get text", "status": "passed", "parameters": [{"name": "locator", "value": "('xpath', \".//ul[1]/a[2]//p[contains(@class, 'num')]\")"}], "start": 1723919277854, "stop": 1723919277891}], "start": 1723919277854, "stop": 1723919277891}, {"name": "Add bun to burger", "status": "passed", "steps": [{"status": "passed", "parameters": [{"name": "source", "value": "<selenium.webdriver.remote.webelement.WebElement (session=\"de9479b0dddb21fb89ff53970d8595c5\", element=\"f.81ED841E6DBC45F387F9548D9DFF5DE7.d.BFE7B62B9E0157CD19BD9A4055EB8A1A.e.40\")>"}, {"name": "target", "value": "<selenium.webdriver.remote.webelement.WebElement (session=\"de9479b0dddb21fb89ff53970d8595c5\", element=\"f.81ED841E6DBC45F387F9548D9DFF5DE7.d.BFE7B62B9E0157CD19BD9A4055EB8A1A.e.55\")>"}], "start": 1723919277917, "stop": 1723919278464}], "start": 1723919277891, "stop": 1723919278464}, {"name": "Get count of ingredients in burger", "status": "passed", "steps": [{"name": "Get text", "status": "passed", "parameters": [{"name": "locator", "value": "('xpath', \".//ul[1]/a[2]//p[contains(@class, 'num')]\")"}], "start": 1723919278464, "stop": 1723919278488}], "start": 1723919278464, "stop": 1723919278488}, {"name": "Checking the ingredient quantity counter change", "status": "failed", "statusDetails": {"message": "AssertionError: The number of ingredients has not changed\nassert '0' > '0'\n", "trace": "  File \"/Users/annavalitova/PycharmProjects/Diplom/Diplom_3/tests/test_main_page.py\", line 56, in test_append_ingredient_in_order\n    assert count_after > count_before, 'The number of ingredients has not changed'\n"}, "start": 1723919278488, "stop": 1723919278488}], "attachments": [{"name": "log", "source": "0e4ba591-e0fc-4b47-b011-85875a4026b8-attachment.txt", "type": "text/plain"}], "parameters": [{"name": "driver", "value": "'chrome'"}], "start": 1723919277854, "stop": 1723919278489, "uuid": "949ebdaf-55f8-48fd-bb50-43dc04c7de4e", "historyId": "aa3450a4ceca44e64215d496cc9dc4c4", "testCaseId": "a3660b66b8f152e27a76e779ec28ac6d", "fullName": "tests.test_main_page.TestMainPage#test_append_ingredient_in_order", "labels": [{"name": "suite", "value": "Test main functionality"}, {"name": "parentSuite", "value": "tests"}, {"name": "subSuite", "value": "TestMainPage"}, {"name": "host", "value": "Air-Anna"}, {"name": "thread", "value": "76963-MainThread"}, {"name": "framework", "value": "pytest"}, {"name": "language", "value": "cpython3"}, {"name": "package", "value": "tests.test_main_page"}]}