{"name": "Append ingredient in order", "status": "failed", "statusDetails": {"message": "AssertionError: The number of ingredients has not changed\nassert '0' > '0'", "trace": "self = <test_main_page.TestMainPage object at 0x105ae4dd0>, driver = <selenium.webdriver.chrome.webdriver.WebDriver (session=\"40774c908c658a497b55c0ace73a6fdc\")>\n\n    @allure.title('Append ingredient in order')\n    @allure.description('Checking the increase in the number of ingredients in the order')\n    def test_append_ingredient_in_order(self, driver):\n        main_page = MainPage(driver)\n        count_before = main_page.get_count_ingredients_value()\n        main_page.drag_and_drop_ingredient()\n        count_after = main_page.get_count_ingredients_value()\n    \n        with allure.step('Checking the ingredient quantity counter change'):\n>           assert count_after > count_before, 'The number of ingredients has not changed'\nE           AssertionError: The number of ingredients has not changed\nE           assert '0' > '0'\n\ntests/test_main_page.py:56: AssertionError"}, "description": "Checking the increase in the number of ingredients in the order", "steps": [{"name": "Get count of ingredients in burger", "status": "passed", "steps": [{"name": "Get text", "status": "passed", "parameters": [{"name": "locator", "value": "('xpath', \".//ul[1]/a[2]//p[contains(@class, 'num')]\")"}], "start": 1723918920973, "stop": 1723918921011}], "start": 1723918920973, "stop": 1723918921011}, {"name": "Add bun to burger", "status": "passed", "steps": [{"status": "passed", "parameters": [{"name": "source", "value": "<selenium.webdriver.remote.webelement.WebElement (session=\"40774c908c658a497b55c0ace73a6fdc\", element=\"f.83711C73C598D9B4DA23B3590C79E50D.d.D4C130C3AC3E5216512560BBA3228D28.e.54\")>"}, {"name": "target", "value": "<selenium.webdriver.remote.webelement.WebElement (session=\"40774c908c658a497b55c0ace73a6fdc\", element=\"f.83711C73C598D9B4DA23B3590C79E50D.d.D4C130C3AC3E5216512560BBA3228D28.e.65\")>"}], "start": 1723918921037, "stop": 1723918921578}], "start": 1723918921011, "stop": 1723918921578}, {"name": "Get count of ingredients in burger", "status": "passed", "steps": [{"name": "Get text", "status": "passed", "parameters": [{"name": "locator", "value": "('xpath', \".//ul[1]/a[2]//p[contains(@class, 'num')]\")"}], "start": 1723918921578, "stop": 1723918921602}], "start": 1723918921578, "stop": 1723918921602}, {"name": "Checking the ingredient quantity counter change", "status": "failed", "statusDetails": {"message": "AssertionError: The number of ingredients has not changed\nassert '0' > '0'\n", "trace": "  File \"/Users/annavalitova/PycharmProjects/Diplom/Diplom_3/tests/test_main_page.py\", line 56, in test_append_ingredient_in_order\n    assert count_after > count_before, 'The number of ingredients has not changed'\n"}, "start": 1723918921602, "stop": 1723918921603}], "attachments": [{"name": "log", "source": "3e407030-0cc0-49c4-87a2-6704b1a3e1d6-attachment.txt", "type": "text/plain"}], "parameters": [{"name": "driver", "value": "'chrome'"}], "start": 1723918920972, "stop": 1723918921604, "uuid": "bbea7004-7c2f-4699-ace5-7e79edc2b583", "historyId": "aa3450a4ceca44e64215d496cc9dc4c4", "testCaseId": "a3660b66b8f152e27a76e779ec28ac6d", "fullName": "tests.test_main_page.TestMainPage#test_append_ingredient_in_order", "labels": [{"name": "suite", "value": "Test main functionality"}, {"name": "parentSuite", "value": "tests"}, {"name": "subSuite", "value": "TestMainPage"}, {"name": "host", "value": "Air-Anna"}, {"name": "thread", "value": "76090-MainThread"}, {"name": "framework", "value": "pytest"}, {"name": "language", "value": "cpython3"}, {"name": "package", "value": "tests.test_main_page"}]}