{"name": "Append ingredient in order", "status": "failed", "statusDetails": {"message": "AssertionError: The number of ingredients has not changed\nassert '0' > '0'", "trace": "self = <test_main_page.TestMainPage object at 0x107de5610>, driver = <selenium.webdriver.chrome.webdriver.WebDriver (session=\"7f79361d46d37edf23489f2555eb9bf8\")>\n\n    @allure.title('Append ingredient in order')\n    @allure.description('Checking the increase in the number of ingredients in the order')\n    def test_append_ingredient_in_order(self, driver):\n        main_page = MainPage(driver)\n        count_before = main_page.get_count_ingredients_value()\n        main_page.drag_and_drop_ingredient()\n        count_after = main_page.get_count_ingredients_value()\n    \n        with allure.step('Checking the ingredient quantity counter change'):\n>           assert count_after > count_before, 'The number of ingredients has not changed'\nE           AssertionError: The number of ingredients has not changed\nE           assert '0' > '0'\n\ntests/test_main_page.py:56: AssertionError"}, "description": "Checking the increase in the number of ingredients in the order", "steps": [{"name": "Get count of ingredients in burger", "status": "passed", "steps": [{"name": "Get text", "status": "passed", "parameters": [{"name": "locator", "value": "('xpath', \".//ul[1]/a[2]//p[contains(@class, 'num')]\")"}], "start": 1723919713117, "stop": 1723919713148}], "start": 1723919713117, "stop": 1723919713148}, {"name": "Add bun to burger", "status": "passed", "steps": [{"status": "passed", "parameters": [{"name": "source", "value": "<selenium.webdriver.remote.webelement.WebElement (session=\"7f79361d46d37edf23489f2555eb9bf8\", element=\"f.34576594956E442A30FBD42E8106B040.d.5A7CDEF5254A35A6C370C63960B8B5BB.e.40\")>"}, {"name": "target", "value": "<selenium.webdriver.remote.webelement.WebElement (session=\"7f79361d46d37edf23489f2555eb9bf8\", element=\"f.34576594956E442A30FBD42E8106B040.d.5A7CDEF5254A35A6C370C63960B8B5BB.e.41\")>"}], "start": 1723919713179, "stop": 1723919713713}], "start": 1723919713148, "stop": 1723919713713}, {"name": "Get count of ingredients in burger", "status": "passed", "steps": [{"name": "Get text", "status": "passed", "parameters": [{"name": "locator", "value": "('xpath', \".//ul[1]/a[2]//p[contains(@class, 'num')]\")"}], "start": 1723919713713, "stop": 1723919713728}], "start": 1723919713713, "stop": 1723919713728}, {"name": "Checking the ingredient quantity counter change", "status": "failed", "statusDetails": {"message": "AssertionError: The number of ingredients has not changed\nassert '0' > '0'\n", "trace": "  File \"/Users/annavalitova/PycharmProjects/Diplom/Diplom_3/tests/test_main_page.py\", line 56, in test_append_ingredient_in_order\n    assert count_after > count_before, 'The number of ingredients has not changed'\n"}, "start": 1723919713728, "stop": 1723919713728}], "attachments": [{"name": "log", "source": "acb8b8cb-2f9c-4140-ada7-7316284c8db9-attachment.txt", "type": "text/plain"}], "parameters": [{"name": "driver", "value": "'chrome'"}], "start": 1723919713117, "stop": 1723919713728, "uuid": "be48f67a-999b-4a4d-baec-025ccd65a0cc", "historyId": "aa3450a4ceca44e64215d496cc9dc4c4", "testCaseId": "a3660b66b8f152e27a76e779ec28ac6d", "fullName": "tests.test_main_page.TestMainPage#test_append_ingredient_in_order", "labels": [{"name": "suite", "value": "Test main functionality"}, {"name": "parentSuite", "value": "tests"}, {"name": "subSuite", "value": "TestMainPage"}, {"name": "host", "value": "Air-Anna"}, {"name": "thread", "value": "77820-MainThread"}, {"name": "framework", "value": "pytest"}, {"name": "language", "value": "cpython3"}, {"name": "package", "value": "tests.test_main_page"}]}