{"name": "Checking transition to \"Order history\"", "status": "broken", "statusDetails": {"message": "selenium.common.exceptions.TimeoutException: Message: \nStacktrace:\n0   chromedriver                        0x0000000104f06a80 chromedriver + 4385408\n1   chromedriver                        0x0000000104eff38c chromedriver + 4354956\n2   chromedriver                        0x0000000104b1cb0c chromedriver + 281356\n3   chromedriver                        0x0000000104b5f2f8 chromedriver + 553720\n4   chromedriver                        0x0000000104b97d24 chromedriver + 785700\n5   chromedriver                        0x0000000104b53eec chromedriver + 507628\n6   chromedriver                        0x0000000104b548c4 chromedriver + 510148\n7   chromedriver                        0x0000000104ece43c chromedriver + 4154428\n8   chromedriver                        0x0000000104ed2ea0 chromedriver + 4173472\n9   chromedriver                        0x0000000104eb3ff8 chromedriver + 4046840\n10  chromedriver                        0x0000000104ed378c chromedriver + 4175756\n11  chromedriver                        0x0000000104ea6fb8 chromedriver + 3993528\n12  chromedriver                        0x0000000104ef121c chromedriver + 4297244\n13  chromedriver                        0x0000000104ef1398 chromedriver + 4297624\n14  chromedriver                        0x0000000104efef84 chromedriver + 4353924\n15  libsystem_pthread.dylib             0x000000019ab0ef94 _pthread_start + 136\n16  libsystem_pthread.dylib             0x000000019ab09d34 thread_start + 8", "trace": "self = <test_personal_account.TestPersonalAccount object at 0x103bb6310>\ndriver = <selenium.webdriver.chrome.webdriver.WebDriver (session=\"438eca406d6c90c69f5644a2926d01a7\")>, login_user = None\n\n    @allure.title('Checking transition to \"Order history\"')\n    @allure.description('Checking transition to order history page by clicking on \"Order history\"'\n                        ' button in profile page')\n    def test_transition_to_order_history_page(self, driver, login_user):\n        main_page = MainPage(driver)\n        personal_account = PersonalAccountPage(driver)\n        main_page.go_to_personal_account(MPL.PERSONAL_ACCOUNT_BUTTON)\n>       personal_account.click_on_order_history_btn()\n\ntests/test_personal_account.py:29: \n_ _ _ _ _ _ _ _ _ _ _ _ _ _ _ _ _ _ _ _ _ _ _ _ _ _ _ _ _ _ _ _ _ _ _ _ _ _ _ _ _ _ _ _ _ _ _ _ _ _ _ _ _ _ _ _ _ _ _ _ _ _ _ _ _ _ _ _ _ _ _ _ _ _ _ _ _ _ _ _ _ \npages/personal_account_page.py:24: in click_on_order_history_btn\n    self.click(PAL.ORDERS_HISTORY)\npages/base_page.py:38: in click\n    return self.element_is_clickable(locator).click()\npages/base_page.py:23: in element_is_clickable\n    return self.wait.until(ec.element_to_be_clickable(locator))\n_ _ _ _ _ _ _ _ _ _ _ _ _ _ _ _ _ _ _ _ _ _ _ _ _ _ _ _ _ _ _ _ _ _ _ _ _ _ _ _ _ _ _ _ _ _ _ _ _ _ _ _ _ _ _ _ _ _ _ _ _ _ _ _ _ _ _ _ _ _ _ _ _ _ _ _ _ _ _ _ _ \n\nself = <selenium.webdriver.support.wait.WebDriverWait (session=\"438eca406d6c90c69f5644a2926d01a7\")>\nmethod = <function element_to_be_clickable.<locals>._predicate at 0x103de9da0>, message = ''\n\n    def until(self, method: Callable[[D], Union[Literal[False], T]], message: str = \"\") -> T:\n        \"\"\"Calls the method provided with the driver as an argument until the \\\n        return value does not evaluate to ``False``.\n    \n        :param method: callable(WebDriver)\n        :param message: optional message for :exc:`TimeoutException`\n        :returns: the result of the last call to `method`\n        :raises: :exc:`selenium.common.exceptions.TimeoutException` if timeout occurs\n        \"\"\"\n        screen = None\n        stacktrace = None\n    \n        end_time = time.monotonic() + self._timeout\n        while True:\n            try:\n                value = method(self._driver)\n                if value:\n                    return value\n            except self._ignored_exceptions as exc:\n                screen = getattr(exc, \"screen\", None)\n                stacktrace = getattr(exc, \"stacktrace\", None)\n            time.sleep(self._poll)\n            if time.monotonic() > end_time:\n                break\n>       raise TimeoutException(message, screen, stacktrace)\nE       selenium.common.exceptions.TimeoutException: Message: \nE       Stacktrace:\nE       0   chromedriver                        0x0000000104f06a80 chromedriver + 4385408\nE       1   chromedriver                        0x0000000104eff38c chromedriver + 4354956\nE       2   chromedriver                        0x0000000104b1cb0c chromedriver + 281356\nE       3   chromedriver                        0x0000000104b5f2f8 chromedriver + 553720\nE       4   chromedriver                        0x0000000104b97d24 chromedriver + 785700\nE       5   chromedriver                        0x0000000104b53eec chromedriver + 507628\nE       6   chromedriver                        0x0000000104b548c4 chromedriver + 510148\nE       7   chromedriver                        0x0000000104ece43c chromedriver + 4154428\nE       8   chromedriver                        0x0000000104ed2ea0 chromedriver + 4173472\nE       9   chromedriver                        0x0000000104eb3ff8 chromedriver + 4046840\nE       10  chromedriver                        0x0000000104ed378c chromedriver + 4175756\nE       11  chromedriver                        0x0000000104ea6fb8 chromedriver + 3993528\nE       12  chromedriver                        0x0000000104ef121c chromedriver + 4297244\nE       13  chromedriver                        0x0000000104ef1398 chromedriver + 4297624\nE       14  chromedriver                        0x0000000104efef84 chromedriver + 4353924\nE       15  libsystem_pthread.dylib             0x000000019ab0ef94 _pthread_start + 136\nE       16  libsystem_pthread.dylib             0x000000019ab09d34 thread_start + 8\n\nvenv/lib/python3.11/site-packages/selenium/webdriver/support/wait.py:105: TimeoutException"}, "description": "Checking transition to order history page by clicking on \"Order history\" button in profile page", "steps": [{"name": "Clicking on personal account button", "status": "passed", "steps": [{"name": "Clicking on element", "status": "passed", "parameters": [{"name": "locator", "value": "('xpath', \".//nav//p[contains(text(), 'Личный Кабинет')]\")"}], "start": 1723918540414, "stop": 1723918540437}], "parameters": [{"name": "locator", "value": "('xpath', \".//nav//p[contains(text(), 'Личный Кабинет')]\")"}], "start": 1723918540414, "stop": 1723918540437}, {"name": "Clicking on order history button", "status": "broken", "statusDetails": {"message": "selenium.common.exceptions.TimeoutException: Message: \nStacktrace:\n0   chromedriver                        0x0000000104f06a80 chromedriver + 4385408\n1   chromedriver                        0x0000000104eff38c chromedriver + 4354956\n2   chromedriver                        0x0000000104b1cb0c chromedriver + 281356\n3   chromedriver                        0x0000000104b5f2f8 chromedriver + 553720\n4   chromedriver                        0x0000000104b97d24 chromedriver + 785700\n5   chromedriver                        0x0000000104b53eec chromedriver + 507628\n6   chromedriver                        0x0000000104b548c4 chromedriver + 510148\n7   chromedriver                        0x0000000104ece43c chromedriver + 4154428\n8   chromedriver                        0x0000000104ed2ea0 chromedriver + 4173472\n9   chromedriver                        0x0000000104eb3ff8 chromedriver + 4046840\n10  chromedriver                        0x0000000104ed378c chromedriver + 4175756\n11  chromedriver                        0x0000000104ea6fb8 chromedriver + 3993528\n12  chromedriver                        0x0000000104ef121c chromedriver + 4297244\n13  chromedriver                        0x0000000104ef1398 chromedriver + 4297624\n14  chromedriver                        0x0000000104efef84 chromedriver + 4353924\n15  libsystem_pthread.dylib             0x000000019ab0ef94 _pthread_start + 136\n16  libsystem_pthread.dylib             0x000000019ab09d34 thread_start + 8\n\n", "trace": "  File \"/Users/annavalitova/PycharmProjects/Diplom/Diplom_3/venv/lib/python3.11/site-packages/allure_commons/_allure.py\", line 192, in impl\n    return func(*a, **kw)\n           ^^^^^^^^^^^^^^\n  File \"/Users/annavalitova/PycharmProjects/Diplom/Diplom_3/pages/personal_account_page.py\", line 24, in click_on_order_history_btn\n    self.click(PAL.ORDERS_HISTORY)\n  File \"/Users/annavalitova/PycharmProjects/Diplom/Diplom_3/venv/lib/python3.11/site-packages/allure_commons/_allure.py\", line 192, in impl\n    return func(*a, **kw)\n           ^^^^^^^^^^^^^^\n  File \"/Users/annavalitova/PycharmProjects/Diplom/Diplom_3/pages/base_page.py\", line 38, in click\n    return self.element_is_clickable(locator).click()\n           ^^^^^^^^^^^^^^^^^^^^^^^^^^^^^^^^^^\n  File \"/Users/annavalitova/PycharmProjects/Diplom/Diplom_3/pages/base_page.py\", line 23, in element_is_clickable\n    return self.wait.until(ec.element_to_be_clickable(locator))\n           ^^^^^^^^^^^^^^^^^^^^^^^^^^^^^^^^^^^^^^^^^^^^^^^^^^^^\n  File \"/Users/annavalitova/PycharmProjects/Diplom/Diplom_3/venv/lib/python3.11/site-packages/selenium/webdriver/support/wait.py\", line 105, in until\n    raise TimeoutException(message, screen, stacktrace)\n"}, "steps": [{"name": "Clicking on element", "status": "broken", "statusDetails": {"message": "selenium.common.exceptions.TimeoutException: Message: \nStacktrace:\n0   chromedriver                        0x0000000104f06a80 chromedriver + 4385408\n1   chromedriver                        0x0000000104eff38c chromedriver + 4354956\n2   chromedriver                        0x0000000104b1cb0c chromedriver + 281356\n3   chromedriver                        0x0000000104b5f2f8 chromedriver + 553720\n4   chromedriver                        0x0000000104b97d24 chromedriver + 785700\n5   chromedriver                        0x0000000104b53eec chromedriver + 507628\n6   chromedriver                        0x0000000104b548c4 chromedriver + 510148\n7   chromedriver                        0x0000000104ece43c chromedriver + 4154428\n8   chromedriver                        0x0000000104ed2ea0 chromedriver + 4173472\n9   chromedriver                        0x0000000104eb3ff8 chromedriver + 4046840\n10  chromedriver                        0x0000000104ed378c chromedriver + 4175756\n11  chromedriver                        0x0000000104ea6fb8 chromedriver + 3993528\n12  chromedriver                        0x0000000104ef121c chromedriver + 4297244\n13  chromedriver                        0x0000000104ef1398 chromedriver + 4297624\n14  chromedriver                        0x0000000104efef84 chromedriver + 4353924\n15  libsystem_pthread.dylib             0x000000019ab0ef94 _pthread_start + 136\n16  libsystem_pthread.dylib             0x000000019ab09d34 thread_start + 8\n\n", "trace": "  File \"/Users/annavalitova/PycharmProjects/Diplom/Diplom_3/venv/lib/python3.11/site-packages/allure_commons/_allure.py\", line 192, in impl\n    return func(*a, **kw)\n           ^^^^^^^^^^^^^^\n  File \"/Users/annavalitova/PycharmProjects/Diplom/Diplom_3/pages/base_page.py\", line 38, in click\n    return self.element_is_clickable(locator).click()\n           ^^^^^^^^^^^^^^^^^^^^^^^^^^^^^^^^^^\n  File \"/Users/annavalitova/PycharmProjects/Diplom/Diplom_3/pages/base_page.py\", line 23, in element_is_clickable\n    return self.wait.until(ec.element_to_be_clickable(locator))\n           ^^^^^^^^^^^^^^^^^^^^^^^^^^^^^^^^^^^^^^^^^^^^^^^^^^^^\n  File \"/Users/annavalitova/PycharmProjects/Diplom/Diplom_3/venv/lib/python3.11/site-packages/selenium/webdriver/support/wait.py\", line 105, in until\n    raise TimeoutException(message, screen, stacktrace)\n"}, "parameters": [{"name": "locator", "value": "('xpath', \".//a[text()='История заказов']\")"}], "start": 1723918540437, "stop": 1723918570773}], "start": 1723918540437, "stop": 1723918570774}], "attachments": [{"name": "log", "source": "7fad72d7-ad7f-40cf-95bf-42098104c164-attachment.txt", "type": "text/plain"}], "parameters": [{"name": "driver", "value": "'chrome'"}], "start": 1723918540414, "stop": 1723918570775, "uuid": "833dcde7-a646-4a38-8be4-dd0b97937c10", "historyId": "6a4c6b33e102386af26a9889649a65cc", "testCaseId": "21a9be111fc497b23f08a5e2738fd825", "fullName": "tests.test_personal_account.TestPersonalAccount#test_transition_to_order_history_page", "labels": [{"name": "suite", "value": "Test personal account"}, {"name": "parentSuite", "value": "tests"}, {"name": "subSuite", "value": "TestPersonalAccount"}, {"name": "host", "value": "Air-Anna"}, {"name": "thread", "value": "74409-MainThread"}, {"name": "framework", "value": "pytest"}, {"name": "language", "value": "cpython3"}, {"name": "package", "value": "tests.test_personal_account"}]}