{"name": "Log out from personal account", "status": "broken", "statusDetails": {"message": "selenium.common.exceptions.TimeoutException: Message: \nStacktrace:\n0   chromedriver                        0x000000010511ea80 chromedriver + 4385408\n1   chromedriver                        0x000000010511738c chromedriver + 4354956\n2   chromedriver                        0x0000000104d34b0c chromedriver + 281356\n3   chromedriver                        0x0000000104d772f8 chromedriver + 553720\n4   chromedriver                        0x0000000104dafd24 chromedriver + 785700\n5   chromedriver                        0x0000000104d6beec chromedriver + 507628\n6   chromedriver                        0x0000000104d6c8c4 chromedriver + 510148\n7   chromedriver                        0x00000001050e643c chromedriver + 4154428\n8   chromedriver                        0x00000001050eaea0 chromedriver + 4173472\n9   chromedriver                        0x00000001050cbff8 chromedriver + 4046840\n10  chromedriver                        0x00000001050eb78c chromedriver + 4175756\n11  chromedriver                        0x00000001050befb8 chromedriver + 3993528\n12  chromedriver                        0x000000010510921c chromedriver + 4297244\n13  chromedriver                        0x0000000105109398 chromedriver + 4297624\n14  chromedriver                        0x0000000105116f84 chromedriver + 4353924\n15  libsystem_pthread.dylib             0x000000019ab0ef94 _pthread_start + 136\n16  libsystem_pthread.dylib             0x000000019ab09d34 thread_start + 8", "trace": "self = <test_personal_account.TestPersonalAccount object at 0x105af2fd0>\ndriver = <selenium.webdriver.chrome.webdriver.WebDriver (session=\"935e0b39b81c8b64907ba039768944db\")>, login_user = None\n\n    @allure.title('Log out from personal account')\n    @allure.description('Checking log out from personal account by clicking on \"logout\" button')\n    def test_logout_from_personal_account(self, driver, login_user):\n        main_page = MainPage(driver)\n        personal_account = PersonalAccountPage(driver)\n        main_page.go_to_personal_account(MPL.PERSONAL_ACCOUNT_BUTTON)\n>       personal_account.click_on_logout_btn()\n\ntests/test_personal_account.py:41: \n_ _ _ _ _ _ _ _ _ _ _ _ _ _ _ _ _ _ _ _ _ _ _ _ _ _ _ _ _ _ _ _ _ _ _ _ _ _ _ _ _ _ _ _ _ _ _ _ _ _ _ _ _ _ _ _ _ _ _ _ _ _ _ _ _ _ _ _ _ _ _ _ _ _ _ _ _ _ _ _ _ \npages/personal_account_page.py:28: in click_on_logout_btn\n    self.click(PAL.LOGOUT_BUTTON)\npages/base_page.py:38: in click\n    return self.element_is_clickable(locator).click()\npages/base_page.py:23: in element_is_clickable\n    return self.wait.until(ec.element_to_be_clickable(locator))\n_ _ _ _ _ _ _ _ _ _ _ _ _ _ _ _ _ _ _ _ _ _ _ _ _ _ _ _ _ _ _ _ _ _ _ _ _ _ _ _ _ _ _ _ _ _ _ _ _ _ _ _ _ _ _ _ _ _ _ _ _ _ _ _ _ _ _ _ _ _ _ _ _ _ _ _ _ _ _ _ _ \n\nself = <selenium.webdriver.support.wait.WebDriverWait (session=\"935e0b39b81c8b64907ba039768944db\")>\nmethod = <function element_to_be_clickable.<locals>._predicate at 0x105b58040>, message = ''\n\n    def until(self, method: Callable[[D], Union[Literal[False], T]], message: str = \"\") -> T:\n        \"\"\"Calls the method provided with the driver as an argument until the \\\n        return value does not evaluate to ``False``.\n    \n        :param method: callable(WebDriver)\n        :param message: optional message for :exc:`TimeoutException`\n        :returns: the result of the last call to `method`\n        :raises: :exc:`selenium.common.exceptions.TimeoutException` if timeout occurs\n        \"\"\"\n        screen = None\n        stacktrace = None\n    \n        end_time = time.monotonic() + self._timeout\n        while True:\n            try:\n                value = method(self._driver)\n                if value:\n                    return value\n            except self._ignored_exceptions as exc:\n                screen = getattr(exc, \"screen\", None)\n                stacktrace = getattr(exc, \"stacktrace\", None)\n            time.sleep(self._poll)\n            if time.monotonic() > end_time:\n                break\n>       raise TimeoutException(message, screen, stacktrace)\nE       selenium.common.exceptions.TimeoutException: Message: \nE       Stacktrace:\nE       0   chromedriver                        0x000000010511ea80 chromedriver + 4385408\nE       1   chromedriver                        0x000000010511738c chromedriver + 4354956\nE       2   chromedriver                        0x0000000104d34b0c chromedriver + 281356\nE       3   chromedriver                        0x0000000104d772f8 chromedriver + 553720\nE       4   chromedriver                        0x0000000104dafd24 chromedriver + 785700\nE       5   chromedriver                        0x0000000104d6beec chromedriver + 507628\nE       6   chromedriver                        0x0000000104d6c8c4 chromedriver + 510148\nE       7   chromedriver                        0x00000001050e643c chromedriver + 4154428\nE       8   chromedriver                        0x00000001050eaea0 chromedriver + 4173472\nE       9   chromedriver                        0x00000001050cbff8 chromedriver + 4046840\nE       10  chromedriver                        0x00000001050eb78c chromedriver + 4175756\nE       11  chromedriver                        0x00000001050befb8 chromedriver + 3993528\nE       12  chromedriver                        0x000000010510921c chromedriver + 4297244\nE       13  chromedriver                        0x0000000105109398 chromedriver + 4297624\nE       14  chromedriver                        0x0000000105116f84 chromedriver + 4353924\nE       15  libsystem_pthread.dylib             0x000000019ab0ef94 _pthread_start + 136\nE       16  libsystem_pthread.dylib             0x000000019ab09d34 thread_start + 8\n\nvenv/lib/python3.11/site-packages/selenium/webdriver/support/wait.py:105: TimeoutException"}, "description": "Checking log out from personal account by clicking on \"logout\" button", "steps": [{"name": "Clicking on personal account button", "status": "passed", "steps": [{"name": "Clicking on element", "status": "passed", "parameters": [{"name": "locator", "value": "('xpath', \".//nav//p[contains(text(), 'Личный Кабинет')]\")"}], "start": 1723918980666, "stop": 1723918980689}], "parameters": [{"name": "locator", "value": "('xpath', \".//nav//p[contains(text(), 'Личный Кабинет')]\")"}], "start": 1723918980666, "stop": 1723918980689}, {"name": "Clicking on logout button", "status": "broken", "statusDetails": {"message": "selenium.common.exceptions.TimeoutException: Message: \nStacktrace:\n0   chromedriver                        0x000000010511ea80 chromedriver + 4385408\n1   chromedriver                        0x000000010511738c chromedriver + 4354956\n2   chromedriver                        0x0000000104d34b0c chromedriver + 281356\n3   chromedriver                        0x0000000104d772f8 chromedriver + 553720\n4   chromedriver                        0x0000000104dafd24 chromedriver + 785700\n5   chromedriver                        0x0000000104d6beec chromedriver + 507628\n6   chromedriver                        0x0000000104d6c8c4 chromedriver + 510148\n7   chromedriver                        0x00000001050e643c chromedriver + 4154428\n8   chromedriver                        0x00000001050eaea0 chromedriver + 4173472\n9   chromedriver                        0x00000001050cbff8 chromedriver + 4046840\n10  chromedriver                        0x00000001050eb78c chromedriver + 4175756\n11  chromedriver                        0x00000001050befb8 chromedriver + 3993528\n12  chromedriver                        0x000000010510921c chromedriver + 4297244\n13  chromedriver                        0x0000000105109398 chromedriver + 4297624\n14  chromedriver                        0x0000000105116f84 chromedriver + 4353924\n15  libsystem_pthread.dylib             0x000000019ab0ef94 _pthread_start + 136\n16  libsystem_pthread.dylib             0x000000019ab09d34 thread_start + 8\n\n", "trace": "  File \"/Users/annavalitova/PycharmProjects/Diplom/Diplom_3/venv/lib/python3.11/site-packages/allure_commons/_allure.py\", line 192, in impl\n    return func(*a, **kw)\n           ^^^^^^^^^^^^^^\n  File \"/Users/annavalitova/PycharmProjects/Diplom/Diplom_3/pages/personal_account_page.py\", line 28, in click_on_logout_btn\n    self.click(PAL.LOGOUT_BUTTON)\n  File \"/Users/annavalitova/PycharmProjects/Diplom/Diplom_3/venv/lib/python3.11/site-packages/allure_commons/_allure.py\", line 192, in impl\n    return func(*a, **kw)\n           ^^^^^^^^^^^^^^\n  File \"/Users/annavalitova/PycharmProjects/Diplom/Diplom_3/pages/base_page.py\", line 38, in click\n    return self.element_is_clickable(locator).click()\n           ^^^^^^^^^^^^^^^^^^^^^^^^^^^^^^^^^^\n  File \"/Users/annavalitova/PycharmProjects/Diplom/Diplom_3/pages/base_page.py\", line 23, in element_is_clickable\n    return self.wait.until(ec.element_to_be_clickable(locator))\n           ^^^^^^^^^^^^^^^^^^^^^^^^^^^^^^^^^^^^^^^^^^^^^^^^^^^^\n  File \"/Users/annavalitova/PycharmProjects/Diplom/Diplom_3/venv/lib/python3.11/site-packages/selenium/webdriver/support/wait.py\", line 105, in until\n    raise TimeoutException(message, screen, stacktrace)\n"}, "steps": [{"name": "Clicking on element", "status": "broken", "statusDetails": {"message": "selenium.common.exceptions.TimeoutException: Message: \nStacktrace:\n0   chromedriver                        0x000000010511ea80 chromedriver + 4385408\n1   chromedriver                        0x000000010511738c chromedriver + 4354956\n2   chromedriver                        0x0000000104d34b0c chromedriver + 281356\n3   chromedriver                        0x0000000104d772f8 chromedriver + 553720\n4   chromedriver                        0x0000000104dafd24 chromedriver + 785700\n5   chromedriver                        0x0000000104d6beec chromedriver + 507628\n6   chromedriver                        0x0000000104d6c8c4 chromedriver + 510148\n7   chromedriver                        0x00000001050e643c chromedriver + 4154428\n8   chromedriver                        0x00000001050eaea0 chromedriver + 4173472\n9   chromedriver                        0x00000001050cbff8 chromedriver + 4046840\n10  chromedriver                        0x00000001050eb78c chromedriver + 4175756\n11  chromedriver                        0x00000001050befb8 chromedriver + 3993528\n12  chromedriver                        0x000000010510921c chromedriver + 4297244\n13  chromedriver                        0x0000000105109398 chromedriver + 4297624\n14  chromedriver                        0x0000000105116f84 chromedriver + 4353924\n15  libsystem_pthread.dylib             0x000000019ab0ef94 _pthread_start + 136\n16  libsystem_pthread.dylib             0x000000019ab09d34 thread_start + 8\n\n", "trace": "  File \"/Users/annavalitova/PycharmProjects/Diplom/Diplom_3/venv/lib/python3.11/site-packages/allure_commons/_allure.py\", line 192, in impl\n    return func(*a, **kw)\n           ^^^^^^^^^^^^^^\n  File \"/Users/annavalitova/PycharmProjects/Diplom/Diplom_3/pages/base_page.py\", line 38, in click\n    return self.element_is_clickable(locator).click()\n           ^^^^^^^^^^^^^^^^^^^^^^^^^^^^^^^^^^\n  File \"/Users/annavalitova/PycharmProjects/Diplom/Diplom_3/pages/base_page.py\", line 23, in element_is_clickable\n    return self.wait.until(ec.element_to_be_clickable(locator))\n           ^^^^^^^^^^^^^^^^^^^^^^^^^^^^^^^^^^^^^^^^^^^^^^^^^^^^\n  File \"/Users/annavalitova/PycharmProjects/Diplom/Diplom_3/venv/lib/python3.11/site-packages/selenium/webdriver/support/wait.py\", line 105, in until\n    raise TimeoutException(message, screen, stacktrace)\n"}, "parameters": [{"name": "locator", "value": "('xpath', \".//button[text()='Выход']\")"}], "start": 1723918980689, "stop": 1723919011017}], "start": 1723918980689, "stop": 1723919011018}], "attachments": [{"name": "log", "source": "ff2ca900-0eb2-4f30-820b-a29dab9621c4-attachment.txt", "type": "text/plain"}], "parameters": [{"name": "driver", "value": "'chrome'"}], "start": 1723918980666, "stop": 1723919011018, "uuid": "f1a27247-8937-4c91-b023-fac06e7a6690", "historyId": "f773d611bf602be7600212c0b6b07df5", "testCaseId": "3774f2dcf715b439932be88fbc6e202f", "fullName": "tests.test_personal_account.TestPersonalAccount#test_logout_from_personal_account", "labels": [{"name": "suite", "value": "Test personal account"}, {"name": "parentSuite", "value": "tests"}, {"name": "subSuite", "value": "TestPersonalAccount"}, {"name": "host", "value": "Air-Anna"}, {"name": "thread", "value": "76090-MainThread"}, {"name": "framework", "value": "pytest"}, {"name": "language", "value": "cpython3"}, {"name": "package", "value": "tests.test_personal_account"}]}